<?xml version="1.0" encoding="UTF-8"?>
<!-- Generated by org.testng.reporters.JUnitReportReporter -->
<testsuite hostname="Nirdeep" failures="0" tests="1" name="demo.Demo1" time="0.103" errors="0" timestamp="2024-12-19T03:10:30 IST" skipped="0">
  <testcase classname="demo.Demo1" name="test1" time="0.103"/>
</testsuite> <!-- demo.Demo1 -->
